# JRE version: OpenJDK Runtime Environment Temurin-17.0.2+8 (17.0.2+8) (build 17.0.2+8)
# Java VM: OpenJDK 64-Bit Server VM Temurin-17.0.2+8 (17.0.2+8, mixed mode, emulated-client, tiered, compressed oops, compressed class ptrs, g1 gc, windows-amd64)
GC Precious Log:
 CPUs: 12 total, 12 available
 Memory: 15679M
 Large Page Support: Disabled
 NUMA Support: Disabled
 Compressed Oops: Enabled (Zero based)
 Heap Region Size: 2M
 Heap Min Capacity: 8M
 Heap Initial Capacity: 246M
 Heap Max Capacity: 3920M
 Pre-touch: Disabled
 Parallel Workers: 10
 Concurrent Workers: 3
 Concurrent Refinement Workers: 10
 Periodic GC: Disabled
Heap:
 garbage-first heap   total 83968K, used 41385K [0x000000070b000000, 0x0000000800000000)
  region size 2048K, 11 young (22528K), 3 survivors (6144K)
 Metaspace       used 63425K, committed 63936K, reserved 1105920K
  class space    used 8500K, committed 8768K, reserved 1048576K
GC Heap History (20 events):
Event: 4.310 GC heap before
{Heap before GC invocations=12 (full 0):
 garbage-first heap   total 69632K, used 49070K [0x000000070b000000, 0x0000000800000000)
  region size 2048K, 17 young (34816K), 3 survivors (6144K)
 Metaspace       used 41573K, committed 41856K, reserved 1089536K
  class space    used 5245K, committed 5376K, reserved 1048576K
}
Event: 4.316 GC heap after
{Heap after GC invocations=13 (full 0):
 garbage-first heap   total 83968K, used 21855K [0x000000070b000000, 0x0000000800000000)
  region size 2048K, 3 young (6144K), 3 survivors (6144K)
 Metaspace       used 41573K, committed 41856K, reserved 1089536K
  class space    used 5245K, committed 5376K, reserved 1048576K
}
Event: 4.687 GC heap before
{Heap before GC invocations=13 (full 0):
 garbage-first heap   total 83968K, used 58719K [0x000000070b000000, 0x0000000800000000)
  region size 2048K, 22 young (45056K), 3 survivors (6144K)
 Metaspace       used 45435K, committed 45824K, reserved 1089536K
  class space    used 5925K, committed 6080K, reserved 1048576K
}
Event: 4.691 GC heap after
{Heap after GC invocations=14 (full 0):
 garbage-first heap   total 83968K, used 21598K [0x000000070b000000, 0x0000000800000000)
  region size 2048K, 1 young (2048K), 1 survivors (2048K)
 Metaspace       used 45435K, committed 45824K, reserved 1089536K
  class space    used 5925K, committed 6080K, reserved 1048576K
}
Event: 5.150 GC heap before
{Heap before GC invocations=14 (full 0):
 garbage-first heap   total 83968K, used 64606K [0x000000070b000000, 0x0000000800000000)
  region size 2048K, 22 young (45056K), 1 survivors (2048K)
 Metaspace       used 50106K, committed 50432K, reserved 1097728K
  class space    used 6524K, committed 6656K, reserved 1048576K
}
Event: 5.154 GC heap after
{Heap after GC invocations=15 (full 0):
 garbage-first heap   total 83968K, used 22595K [0x000000070b000000, 0x0000000800000000)
  region size 2048K, 2 young (4096K), 2 survivors (4096K)
 Metaspace       used 50106K, committed 50432K, reserved 1097728K
  class space    used 6524K, committed 6656K, reserved 1048576K
}
Event: 5.529 GC heap before
{Heap before GC invocations=15 (full 0):
 garbage-first heap   total 83968K, used 63555K [0x000000070b000000, 0x0000000800000000)
  region size 2048K, 22 young (45056K), 2 survivors (4096K)
 Metaspace       used 54047K, committed 54464K, reserved 1097728K
  class space    used 7111K, committed 7296K, reserved 1048576K
}
Event: 5.534 GC heap after
{Heap after GC invocations=16 (full 0):
 garbage-first heap   total 83968K, used 23441K [0x000000070b000000, 0x0000000800000000)
  region size 2048K, 2 young (4096K), 2 survivors (4096K)
 Metaspace       used 54047K, committed 54464K, reserved 1097728K
  class space    used 7111K, committed 7296K, reserved 1048576K
}
Event: 6.024 GC heap before
{Heap before GC invocations=16 (full 0):
 garbage-first heap   total 83968K, used 64401K [0x000000070b000000, 0x0000000800000000)
  region size 2048K, 22 young (45056K), 2 survivors (4096K)
 Metaspace       used 57395K, committed 57792K, reserved 1105920K
  class space    used 7619K, committed 7808K, reserved 1048576K
}
Event: 6.028 GC heap after
{Heap after GC invocations=17 (full 0):
 garbage-first heap   total 83968K, used 25134K [0x000000070b000000, 0x0000000800000000)
  region size 2048K, 3 young (6144K), 3 survivors (6144K)
 Metaspace       used 57395K, committed 57792K, reserved 1105920K
  class space    used 7619K, committed 7808K, reserved 1048576K
}
Event: 6.337 GC heap before
{Heap before GC invocations=17 (full 0):
 garbage-first heap   total 83968K, used 53806K [0x000000070b000000, 0x0000000800000000)
  region size 2048K, 18 young (36864K), 3 survivors (6144K)
 Metaspace       used 59693K, committed 60096K, reserved 1105920K
  class space    used 7958K, committed 8192K, reserved 1048576K
}
Event: 6.343 GC heap after
{Heap after GC invocations=18 (full 0):
 garbage-first heap   total 83968K, used 26564K [0x000000070b000000, 0x0000000800000000)
  region size 2048K, 2 young (4096K), 2 survivors (4096K)
 Metaspace       used 59693K, committed 60096K, reserved 1105920K
  class space    used 7958K, committed 8192K, reserved 1048576K
}
Event: 6.830 GC heap before
{Heap before GC invocations=19 (full 0):
 garbage-first heap   total 83968K, used 65476K [0x000000070b000000, 0x0000000800000000)
  region size 2048K, 21 young (43008K), 2 survivors (4096K)
 Metaspace       used 61703K, committed 62144K, reserved 1105920K
  class space    used 8285K, committed 8512K, reserved 1048576K
}
Event: 6.836 GC heap after
{Heap after GC invocations=20 (full 0):
 garbage-first heap   total 83968K, used 28732K [0x000000070b000000, 0x0000000800000000)
  region size 2048K, 3 young (6144K), 3 survivors (6144K)
 Metaspace       used 61703K, committed 62144K, reserved 1105920K
  class space    used 8285K, committed 8512K, reserved 1048576K
}
Event: 276.842 GC heap before
{Heap before GC invocations=20 (full 0):
 garbage-first heap   total 83968K, used 55356K [0x000000070b000000, 0x0000000800000000)
  region size 2048K, 17 young (34816K), 3 survivors (6144K)
 Metaspace       used 62231K, committed 62720K, reserved 1105920K
  class space    used 8362K, committed 8640K, reserved 1048576K
}
Event: 276.898 GC heap after
{Heap after GC invocations=21 (full 1):
 garbage-first heap   total 83968K, used 24240K [0x000000070b000000, 0x0000000800000000)
  region size 2048K, 0 young (0K), 0 survivors (0K)
 Metaspace       used 62228K, committed 62720K, reserved 1105920K
  class space    used 8362K, committed 8640K, reserved 1048576K
}
Event: 277.562 GC heap before
{Heap before GC invocations=21 (full 1):
 garbage-first heap   total 83968K, used 63152K [0x000000070b000000, 0x0000000800000000)
  region size 2048K, 19 young (38912K), 0 survivors (0K)
 Metaspace       used 62348K, committed 62848K, reserved 1105920K
  class space    used 8387K, committed 8640K, reserved 1048576K
}
Event: 277.565 GC heap after
{Heap after GC invocations=22 (full 1):
 garbage-first heap   total 83968K, used 27184K [0x000000070b000000, 0x0000000800000000)
  region size 2048K, 2 young (4096K), 2 survivors (4096K)
 Metaspace       used 62348K, committed 62848K, reserved 1105920K
  class space    used 8387K, committed 8640K, reserved 1048576K
}
Event: 278.239 GC heap before
{Heap before GC invocations=22 (full 1):
 garbage-first heap   total 83968K, used 62000K [0x000000070b000000, 0x0000000800000000)
  region size 2048K, 19 young (38912K), 2 survivors (4096K)
 Metaspace       used 62578K, committed 63104K, reserved 1105920K
  class space    used 8409K, committed 8704K, reserved 1048576K
}
Event: 278.242 GC heap after
{Heap after GC invocations=23 (full 1):
 garbage-first heap   total 83968K, used 29097K [0x000000070b000000, 0x0000000800000000)
  region size 2048K, 3 young (6144K), 3 survivors (6144K)
 Metaspace       used 62578K, committed 63104K, reserved 1105920K
  class space    used 8409K, committed 8704K, reserved 1048576K
}

