# JRE version: OpenJDK Runtime Environment Temurin-17.0.2+8 (17.0.2+8) (build 17.0.2+8)
# Java VM: OpenJDK 64-Bit Server VM Temurin-17.0.2+8 (17.0.2+8, mixed mode, emulated-client, tiered, compressed oops, compressed class ptrs, g1 gc, windows-amd64)
GC Precious Log:
 CPUs: 12 total, 12 available
 Memory: 15679M
 Large Page Support: Disabled
 NUMA Support: Disabled
 Compressed Oops: Enabled (Zero based)
 Heap Region Size: 2M
 Heap Min Capacity: 8M
 Heap Initial Capacity: 246M
 Heap Max Capacity: 3920M
 Pre-touch: Disabled
 Parallel Workers: 10
 Concurrent Workers: 3
 Concurrent Refinement Workers: 10
 Periodic GC: Disabled
Heap:
 garbage-first heap   total 81920K, used 44116K [0x000000070b000000, 0x0000000800000000)
  region size 2048K, 12 young (24576K), 3 survivors (6144K)
 Metaspace       used 62975K, committed 63552K, reserved 1105920K
  class space    used 8475K, committed 8768K, reserved 1048576K
GC Heap History (20 events):
Event: 24466.810 GC heap before
{Heap before GC invocations=47 (full 3):
 garbage-first heap   total 81920K, used 60849K [0x000000070b000000, 0x0000000800000000)
  region size 2048K, 19 young (38912K), 2 survivors (4096K)
 Metaspace       used 62377K, committed 62848K, reserved 1105920K
  class space    used 8355K, committed 8576K, reserved 1048576K
}
Event: 24466.815 GC heap after
{Heap after GC invocations=48 (full 3):
 garbage-first heap   total 81920K, used 27824K [0x000000070b000000, 0x0000000800000000)
  region size 2048K, 3 young (6144K), 3 survivors (6144K)
 Metaspace       used 62377K, committed 62848K, reserved 1105920K
  class space    used 8355K, committed 8576K, reserved 1048576K
}
Event: 24613.924 GC heap before
{Heap before GC invocations=48 (full 3):
 garbage-first heap   total 81920K, used 38064K [0x000000070b000000, 0x0000000800000000)
  region size 2048K, 9 young (18432K), 3 survivors (6144K)
 Metaspace       used 62379K, committed 62848K, reserved 1105920K
  class space    used 8355K, committed 8576K, reserved 1048576K
}
Event: 24613.986 GC heap after
{Heap after GC invocations=49 (full 4):
 garbage-first heap   total 81920K, used 23605K [0x000000070b000000, 0x0000000800000000)
  region size 2048K, 0 young (0K), 0 survivors (0K)
 Metaspace       used 62377K, committed 62848K, reserved 1105920K
  class space    used 8355K, committed 8576K, reserved 1048576K
}
Event: 24614.603 GC heap before
{Heap before GC invocations=49 (full 4):
 garbage-first heap   total 81920K, used 62517K [0x000000070b000000, 0x0000000800000000)
  region size 2048K, 19 young (38912K), 0 survivors (0K)
 Metaspace       used 62466K, committed 62912K, reserved 1105920K
  class space    used 8376K, committed 8576K, reserved 1048576K
}
Event: 24614.606 GC heap after
{Heap after GC invocations=50 (full 4):
 garbage-first heap   total 81920K, used 26239K [0x000000070b000000, 0x0000000800000000)
  region size 2048K, 2 young (4096K), 2 survivors (4096K)
 Metaspace       used 62466K, committed 62912K, reserved 1105920K
  class space    used 8376K, committed 8576K, reserved 1048576K
}
Event: 24621.697 GC heap before
{Heap before GC invocations=50 (full 4):
 garbage-first heap   total 81920K, used 56959K [0x000000070b000000, 0x0000000800000000)
  region size 2048K, 18 young (36864K), 2 survivors (4096K)
 Metaspace       used 62679K, committed 63168K, reserved 1105920K
  class space    used 8401K, committed 8640K, reserved 1048576K
}
Event: 24621.753 GC heap after
{Heap after GC invocations=51 (full 5):
 garbage-first heap   total 81920K, used 23677K [0x000000070b000000, 0x0000000800000000)
  region size 2048K, 0 young (0K), 0 survivors (0K)
 Metaspace       used 62243K, committed 63104K, reserved 1105920K
  class space    used 8351K, committed 8640K, reserved 1048576K
}
Event: 24622.359 GC heap before
{Heap before GC invocations=51 (full 5):
 garbage-first heap   total 81920K, used 60541K [0x000000070b000000, 0x0000000800000000)
  region size 2048K, 19 young (38912K), 0 survivors (0K)
 Metaspace       used 62343K, committed 63104K, reserved 1105920K
  class space    used 8373K, committed 8640K, reserved 1048576K
}
Event: 24622.362 GC heap after
{Heap after GC invocations=52 (full 5):
 garbage-first heap   total 81920K, used 26382K [0x000000070b000000, 0x0000000800000000)
  region size 2048K, 2 young (4096K), 2 survivors (4096K)
 Metaspace       used 62343K, committed 63104K, reserved 1105920K
  class space    used 8373K, committed 8640K, reserved 1048576K
}
Event: 24690.355 GC heap before
{Heap before GC invocations=52 (full 5):
 garbage-first heap   total 81920K, used 61198K [0x000000070b000000, 0x0000000800000000)
  region size 2048K, 19 young (38912K), 2 survivors (4096K)
 Metaspace       used 62538K, committed 63104K, reserved 1105920K
  class space    used 8394K, committed 8640K, reserved 1048576K
}
Event: 24690.360 GC heap after
{Heap after GC invocations=53 (full 5):
 garbage-first heap   total 81920K, used 27770K [0x000000070b000000, 0x0000000800000000)
  region size 2048K, 2 young (4096K), 2 survivors (4096K)
 Metaspace       used 62538K, committed 63104K, reserved 1105920K
  class space    used 8394K, committed 8640K, reserved 1048576K
}
Event: 24991.059 GC heap before
{Heap before GC invocations=53 (full 5):
 garbage-first heap   total 81920K, used 48250K [0x000000070b000000, 0x0000000800000000)
  region size 2048K, 13 young (26624K), 2 survivors (4096K)
 Metaspace       used 62540K, committed 63104K, reserved 1105920K
  class space    used 8395K, committed 8640K, reserved 1048576K
}
Event: 24991.112 GC heap after
{Heap after GC invocations=54 (full 6):
 garbage-first heap   total 81920K, used 21037K [0x000000070b000000, 0x0000000800000000)
  region size 2048K, 0 young (0K), 0 survivors (0K)
 Metaspace       used 62217K, committed 62976K, reserved 1105920K
  class space    used 8351K, committed 8640K, reserved 1048576K
}
Event: 24991.804 GC heap before
{Heap before GC invocations=54 (full 6):
 garbage-first heap   total 81920K, used 61997K [0x000000070b000000, 0x0000000800000000)
  region size 2048K, 20 young (40960K), 0 survivors (0K)
 Metaspace       used 62362K, committed 62976K, reserved 1105920K
  class space    used 8382K, committed 8640K, reserved 1048576K
}
Event: 24991.810 GC heap after
{Heap after GC invocations=55 (full 6):
 garbage-first heap   total 81920K, used 24523K [0x000000070b000000, 0x0000000800000000)
  region size 2048K, 2 young (4096K), 2 survivors (4096K)
 Metaspace       used 62362K, committed 62976K, reserved 1105920K
  class space    used 8382K, committed 8640K, reserved 1048576K
}
Event: 25044.397 GC heap before
{Heap before GC invocations=55 (full 6):
 garbage-first heap   total 81920K, used 61387K [0x000000070b000000, 0x0000000800000000)
  region size 2048K, 20 young (40960K), 2 survivors (4096K)
 Metaspace       used 62632K, committed 63168K, reserved 1105920K
  class space    used 8434K, committed 8704K, reserved 1048576K
}
Event: 25044.403 GC heap after
{Heap after GC invocations=56 (full 6):
 garbage-first heap   total 81920K, used 24910K [0x000000070b000000, 0x0000000800000000)
  region size 2048K, 2 young (4096K), 2 survivors (4096K)
 Metaspace       used 62632K, committed 63168K, reserved 1105920K
  class space    used 8434K, committed 8704K, reserved 1048576K
}
Event: 25044.985 GC heap before
{Heap before GC invocations=56 (full 6):
 garbage-first heap   total 81920K, used 59726K [0x000000070b000000, 0x0000000800000000)
  region size 2048K, 19 young (38912K), 2 survivors (4096K)
 Metaspace       used 62838K, committed 63360K, reserved 1105920K
  class space    used 8464K, committed 8704K, reserved 1048576K
}
Event: 25044.990 GC heap after
{Heap after GC invocations=57 (full 6):
 garbage-first heap   total 81920K, used 27732K [0x000000070b000000, 0x0000000800000000)
  region size 2048K, 3 young (6144K), 3 survivors (6144K)
 Metaspace       used 62838K, committed 63360K, reserved 1105920K
  class space    used 8464K, committed 8704K, reserved 1048576K
}

